feedback.html     http://outreach.vlabs.ac.in/
index.html     http://outreach.vlabs.ac.in/
objective.html     http://outreach.vlabs.ac.in/
performance-report.html     http://vlab.co.in
posttest.html     http://outreach.vlabs.ac.in/
pretest.html     http://outreach.vlabs.ac.in/
procedure.html     http://outreach.vlabs.ac.in/
theory.html     http://outreach.vlabs.ac.in/
validator-report.html     http://vlab.co.in
simulation/exp6/Experiment.html     http://vlab.co.in/index.html
simulation/exp6/Experiment.html     http://vlab.co.in/
simulation/exp6/Experiment.html     http://vlab.co.in/participating-institutes
simulation/exp6/Experiment.html     http://vlab.co.in/contact-us
simulation/exp6/Experiment.html     http://www.sakshat.ac.in/
simulation/exp6/Experiment.html     http://outreach.vlabs.ac.in/
simulation/exp6/Experiment.html     http://vlab.co.in/faq
simulation/exp6/Feedback.html     http://vlab.co.in/index.html
simulation/exp6/Feedback.html     http://vlab.co.in/
simulation/exp6/Feedback.html     http://vlab.co.in/participating-institutes
simulation/exp6/Feedback.html     http://vlab.co.in/contact-us
simulation/exp6/Feedback.html     http://209.211.220.205/feedback/feedback.html
simulation/exp6/Feedback.html     http://www.sakshat.ac.in/
simulation/exp6/Feedback.html     http://outreach.vlabs.ac.in/
simulation/exp6/Feedback.html     http://vlab.co.in/faq
simulation/exp6/Further Readings.html     http://vlab.co.in/index.html
simulation/exp6/Further Readings.html     http://vlab.co.in/
simulation/exp6/Further Readings.html     http://vlab.co.in/participating-institutes
simulation/exp6/Further Readings.html     http://vlab.co.in/contact-us
simulation/exp6/Further Readings.html     http://en.wikipedia.org/wiki/Problem_solving
simulation/exp6/Further Readings.html     http://www.sakshat.ac.in/
simulation/exp6/Further Readings.html     http://outreach.vlabs.ac.in/
simulation/exp6/Further Readings.html     http://vlab.co.in/faq
simulation/exp6/Introduction.html     http://vlab.co.in/index.html
simulation/exp6/Introduction.html     http://vlab.co.in/
simulation/exp6/Introduction.html     http://vlab.co.in/participating-institutes
simulation/exp6/Introduction.html     http://vlab.co.in/contact-us
simulation/exp6/Introduction.html     http://www.sakshat.ac.in/
simulation/exp6/Introduction.html     http://outreach.vlabs.ac.in/
simulation/exp6/Introduction.html     http://vlab.co.in/faq
simulation/exp6/Manual.html     http://vlab.co.in/index.html
simulation/exp6/Manual.html     http://vlab.co.in/
simulation/exp6/Manual.html     http://vlab.co.in/participating-institutes
simulation/exp6/Manual.html     http://vlab.co.in/contact-us
simulation/exp6/Manual.html     http://www.sakshat.ac.in/
simulation/exp6/Manual.html     http://outreach.vlabs.ac.in/
simulation/exp6/Manual.html     http://vlab.co.in/faq
simulation/exp6/Objective.html     http://vlab.co.in/index.html
simulation/exp6/Objective.html     http://vlab.co.in/
simulation/exp6/Objective.html     http://vlab.co.in/participating-institutes
simulation/exp6/Objective.html     http://vlab.co.in/contact-us
simulation/exp6/Objective.html     http://www.sakshat.ac.in/
simulation/exp6/Objective.html     http://outreach.vlabs.ac.in/
simulation/exp6/Objective.html     http://vlab.co.in/faq
simulation/exp6/Procedure.html     http://vlab.co.in/index.html
simulation/exp6/Procedure.html     http://vlab.co.in/
simulation/exp6/Procedure.html     http://vlab.co.in/participating-institutes
simulation/exp6/Procedure.html     http://vlab.co.in/contact-us
simulation/exp6/Procedure.html     http://www.sakshat.ac.in/
simulation/exp6/Procedure.html     http://outreach.vlabs.ac.in/
simulation/exp6/Procedure.html     http://vlab.co.in/faq
simulation/exp6/Quiz.html     http://vlab.co.in/index.html
simulation/exp6/Quiz.html     http://vlab.co.in/
simulation/exp6/Quiz.html     http://vlab.co.in/participating-institutes
simulation/exp6/Quiz.html     http://vlab.co.in/contact-us
simulation/exp6/Quiz.html     http://www.sakshat.ac.in/
simulation/exp6/Quiz.html     http://outreach.vlabs.ac.in/
simulation/exp6/Quiz.html     http://vlab.co.in/faq
simulation/exp6/Theory.html     http://vlab.co.in/index.html
simulation/exp6/Theory.html     http://vlab.co.in/
simulation/exp6/Theory.html     http://vlab.co.in/participating-institutes
simulation/exp6/Theory.html     http://vlab.co.in/contact-us
simulation/exp6/Theory.html     http://www.sakshat.ac.in/
simulation/exp6/Theory.html     http://outreach.vlabs.ac.in/
simulation/exp6/Theory.html     http://vlab.co.in/faq
simulation/exp6/default.html     http://en.wikipedia.org/wiki/
                Simple_harmonic_motion
simulation/exp6/default.html     http://www.physics.uoguelph.ca/
                tutorials/shm/Q.shm.html
simulation/exp6/default.html     http://surendranath.tripod.com/Applets/
                Oscillations/SHM/SHMApplet.html
simulation/exp6/test.html     http://students.iiit.ac.in/~nasini
